#
# A fatal error has been detected by the Java Runtime Environment:
#
#  Internal Error (javaCalls.cpp:51), pid=7996, tid=0x00000000000029bc
#  guarantee(thread->is_Java_thread()) failed: crucial check - the VM thread cannot and must not escape to Java code
#
# JRE version: OpenJDK Runtime Environment (8.0_192-b01) (build 1.8.0_192-b01)
# Java VM: OpenJDK 64-Bit Server VM (25.192-b01 mixed mode windows-amd64 compressed oops)
# Failed to write core dump. Minidumps are not enabled by default on client versions of Windows
#
# If you would like to submit a bug report, please visit:
#   http://www.azulsystems.com/support/
#

---------------  T H R E A D  ---------------

Current thread (0x000000001eb92800):  VMThread [stack: 0x000000001fc10000,0x000000001fd10000] [id=10684]

Stack: [0x000000001fc10000,0x000000001fd10000]
[error occurred during error reporting (printing stack bounds), id 0xc0000005]

Native frames: (J=compiled Java code, j=interpreted, Vv=VM code, C=native code)

VM_Operation (0x000000002029f0d0): GetOrSetLocal, mode: safepoint, requested by thread 0x000000001ec26000


---------------  P R O C E S S  ---------------

Java Threads: ( => current thread )
  0x000000001ed85800 JavaThread "Service Thread" daemon [_thread_blocked, id=14552, stack(0x00000000208a0000,0x00000000209a0000)]
  0x000000001ed99800 JavaThread "C1 CompilerThread3" daemon [_thread_blocked, id=2572, stack(0x00000000207a0000,0x00000000208a0000)]
  0x000000001ecc0000 JavaThread "C2 CompilerThread2" daemon [_thread_blocked, id=10888, stack(0x00000000206a0000,0x00000000207a0000)]
  0x000000001ecbf800 JavaThread "C2 CompilerThread1" daemon [_thread_blocked, id=12004, stack(0x00000000205a0000,0x00000000206a0000)]
  0x000000001ecd0000 JavaThread "C2 CompilerThread0" daemon [_thread_blocked, id=11292, stack(0x00000000204a0000,0x00000000205a0000)]
  0x000000001ec3c000 JavaThread "JDWP Command Reader" daemon [_thread_in_native, id=1232, stack(0x00000000203a0000,0x00000000204a0000)]
  0x000000001ec35000 JavaThread "JDWP Event Helper Thread" daemon [_thread_blocked, id=16424, stack(0x00000000202a0000,0x00000000203a0000)]
  0x000000001ec26000 JavaThread "JDWP Transport Listener: dt_socket" daemon [_thread_blocked, id=5324, stack(0x00000000201a0000,0x00000000202a0000)]
  0x000000001ebc6000 JavaThread "Attach Listener" daemon [_thread_blocked, id=10796, stack(0x00000000200a0000,0x00000000201a0000)]
  0x000000001ec25000 JavaThread "Signal Dispatcher" daemon [_thread_blocked, id=3572, stack(0x000000001ffa0000,0x00000000200a0000)]
  0x000000001d4f1800 JavaThread "Finalizer" daemon [_thread_blocked, id=10448, stack(0x000000001fe10000,0x000000001ff10000)]
  0x000000001ebb3000 JavaThread "Reference Handler" daemon [_thread_blocked, id=10736, stack(0x000000001fd10000,0x000000001fe10000)]
  0x00000000030fe000 JavaThread "main" [_thread_blocked, id=3048, stack(0x0000000003490000,0x0000000003590000)]

Other Threads:
=>0x000000001eb92800 VMThread [stack: 0x000000001fc10000,0x000000001fd10000] [id=10684]
  0x000000001ed5c800 WatcherThread [stack: 0x00000000209a0000,0x0000000020aa0000] [id=13356]

VM state:at safepoint (normal execution)

VM Mutex/Monitor currently owned by a thread:  ([mutex/lock_event])
[0x00000000030fd500] Threads_lock - owner thread: 0x000000001eb92800

heap address: 0x00000006c1000000, size: 4080 MB, Compressed Oops mode: Zero based, Oop shift amount: 3
Narrow klass base: 0x0000000000000000, Narrow klass shift: 3
Compressed class space size: 1073741824 Address: 0x00000007c0000000

Heap:
 PSYoungGen      total 76288K, used 7871K [0x000000076b000000, 0x0000000770500000, 0x00000007c0000000)
  eden space 65536K, 12% used [0x000000076b000000,0x000000076b7aff38,0x000000076f000000)
  from space 10752K, 0% used [0x000000076fa80000,0x000000076fa80000,0x0000000770500000)
  to   space 10752K, 0% used [0x000000076f000000,0x000000076f000000,0x000000076fa80000)
 ParOldGen       total 175104K, used 0K [0x00000006c1000000, 0x00000006cbb00000, 0x000000076b000000)
  object space 175104K, 0% used [0x00000006c1000000,0x00000006c1000000,0x00000006cbb00000)
 Metaspace       used 4916K, capacity 4978K, committed 5248K, reserved 1056768K
  class space    used 495K, capacity 529K, committed 640K, reserved 1048576K

Card table byte_map: [0x0000000012c30000,0x0000000013430000] byte_map_base: 0x000000000f628000

Marking Bits: (ParMarkBitMap*) 0x000000006ab1cf50
 Begin Bits: [0x0000000014380000, 0x0000000018340000)
 End Bits:   [0x0000000018340000, 0x000000001c300000)

Polling page: 0x0000000003100000

CodeCache: size=245760Kb used=1375Kb max_used=1375Kb free=244384Kb
 bounds [0x0000000003870000, 0x0000000003ae0000, 0x0000000012870000]
 total_blobs=413 nmethods=129 adapters=206
 compilation: enabled

Compilation events (10 events):
Event: 287.372 Thread 0x000000001ed99800  125       3       org.eclipse.jdt.launching.internal.org.objectweb.asm.MethodWriter::visitInsn (115 bytes)
Event: 287.373 Thread 0x000000001ed99800 nmethod 125 0x00000000039c54d0 code [0x00000000039c5680, 0x00000000039c5b68]
Event: 287.373 Thread 0x000000001ed99800  126       3       org.eclipse.jdt.launching.internal.org.objectweb.asm.MethodWriter::visitVarInsn (302 bytes)
Event: 287.373 Thread 0x000000001ed99800 nmethod 126 0x00000000039c5d50 code [0x00000000039c5f60, 0x00000000039c6b28]
Event: 313.414 Thread 0x000000001ed99800  127       3       org.eclipse.jdt.launching.internal.org.objectweb.asm.MethodWriter::visitMethodInsn (191 bytes)
Event: 313.415 Thread 0x000000001ed99800 nmethod 127 0x00000000039c6ed0 code [0x00000000039c70e0, 0x00000000039c7c28]
Event: 313.415 Thread 0x000000001ed99800  128       3       org.eclipse.jdt.launching.internal.org.objectweb.asm.SymbolTable::addConstantMethodref (24 bytes)
Event: 313.415 Thread 0x000000001ed99800 nmethod 128 0x00000000039c8150 code [0x00000000039c82c0, 0x00000000039c84e8]
Event: 313.415 Thread 0x000000001ed99800  129       1       java.lang.Integer::intValue (5 bytes)
Event: 313.415 Thread 0x000000001ed99800 nmethod 129 0x00000000039c8590 code [0x00000000039c86e0, 0x00000000039c87f0]

GC Heap History (0 events):
No events

Deoptimization events (0 events):
No events

Classes redefined (6 events):
Event: 44.688 Thread 0x000000001eb92800 redefined class name=swea_2112, count=1
Event: 83.588 Thread 0x000000001eb92800 redefined class name=swea_2112, count=2
Event: 114.555 Thread 0x000000001eb92800 redefined class name=swea_2112, count=3
Event: 281.300 Thread 0x000000001eb92800 redefined class name=swea_2112, count=4
Event: 287.372 Thread 0x000000001eb92800 redefined class name=swea_2112, count=5
Event: 313.415 Thread 0x000000001eb92800 redefined class name=swea_2112, count=6

Internal exceptions (2 events):
Event: 0.034 Thread 0x00000000030fe000 Exception <a 'java/lang/NoSuchMethodError': Method sun.misc.Unsafe.defineClass(Ljava/lang/String;[BII)Ljava/lang/Class; name or signature does not match> (0x000000076b007cb0) thrown at [C:\jenkins\workspace\zulu8-silver-build-win64\zulu-src\hotspot\src\sh
Event: 0.034 Thread 0x00000000030fe000 Exception <a 'java/lang/NoSuchMethodError': Method sun.misc.Unsafe.prefetchRead(Ljava/lang/Object;J)V name or signature does not match> (0x000000076b007f98) thrown at [C:\jenkins\workspace\zulu8-silver-build-win64\zulu-src\hotspot\src\share\vm\prims\jni.c

Events (10 events):
Event: 287.392 Executing VM operation: GetCurrentContendedMonitor done
Event: 313.414 Executing VM operation: RedefineClasses
Event: 313.415 Executing VM operation: RedefineClasses done
Event: 313.419 Executing VM operation: ChangeBreakpoints
Event: 313.419 Executing VM operation: ChangeBreakpoints done
Event: 313.552 Executing VM operation: GetOwnedMonitorInfo
Event: 313.552 Executing VM operation: GetOwnedMonitorInfo done
Event: 313.552 Executing VM operation: GetCurrentContendedMonitor
Event: 313.552 Executing VM operation: GetCurrentContendedMonitor done
Event: 467.697 Executing VM operation: GetOrSetLocal


Dynamic libraries:
0x00007ff7066e0000 - 0x00007ff706715000 	C:\SSAFY\Zulu\zulu-8\bin\javaw.exe
0x00007ffff8030000 - 0x00007ffff8228000 	C:\windows\SYSTEM32\ntdll.dll
0x00007ffff6f50000 - 0x00007ffff700d000 	C:\windows\System32\KERNEL32.DLL
0x00007ffff5d90000 - 0x00007ffff6086000 	C:\windows\System32\KERNELBASE.dll
0x00007ffff62d0000 - 0x00007ffff637e000 	C:\windows\System32\ADVAPI32.dll
0x00007ffff7e30000 - 0x00007ffff7ece000 	C:\windows\System32\msvcrt.dll
0x00007ffff65d0000 - 0x00007ffff666c000 	C:\windows\System32\sechost.dll
0x00007ffff7bb0000 - 0x00007ffff7cd6000 	C:\windows\System32\RPCRT4.dll
0x00007ffff6380000 - 0x00007ffff651e000 	C:\windows\System32\USER32.dll
0x00007ffff5930000 - 0x00007ffff5952000 	C:\windows\System32\win32u.dll
0x00007ffff6520000 - 0x00007ffff654c000 	C:\windows\System32\GDI32.dll
0x00007ffff5960000 - 0x00007ffff5a7a000 	C:\windows\System32\gdi32full.dll
0x00007ffff5cf0000 - 0x00007ffff5d8d000 	C:\windows\System32\msvcp_win.dll
0x00007ffff5bf0000 - 0x00007ffff5cf0000 	C:\windows\System32\ucrtbase.dll
0x00007fffe2360000 - 0x00007fffe25fa000 	C:\windows\WinSxS\amd64_microsoft.windows.common-controls_6595b64144ccf1df_6.0.19041.1110_none_60b5254171f9507e\COMCTL32.dll
0x00007ffff7e00000 - 0x00007ffff7e30000 	C:\windows\System32\IMM32.DLL
0x000000006b3c0000 - 0x000000006b492000 	C:\SSAFY\Zulu\zulu-8\jre\bin\msvcr100.dll
0x000000006a350000 - 0x000000006ab9a000 	C:\SSAFY\Zulu\zulu-8\jre\bin\server\jvm.dll
0x00007ffff7fe0000 - 0x00007ffff7fe8000 	C:\windows\System32\PSAPI.DLL
0x00007fffd6050000 - 0x00007fffd6059000 	C:\windows\SYSTEM32\WSOCK32.dll
0x00007fffefa80000 - 0x00007fffefa8a000 	C:\windows\SYSTEM32\VERSION.dll
0x00007ffff6560000 - 0x00007ffff65cb000 	C:\windows\System32\WS2_32.dll
0x00007fffeb600000 - 0x00007fffeb627000 	C:\windows\SYSTEM32\WINMM.dll
0x00007ffff2330000 - 0x00007ffff233f000 	C:\SSAFY\Zulu\zulu-8\jre\bin\verify.dll
0x00007fffdaff0000 - 0x00007fffdb019000 	C:\SSAFY\Zulu\zulu-8\jre\bin\java.dll
0x00007fffec290000 - 0x00007fffec2c5000 	C:\SSAFY\Zulu\zulu-8\jre\bin\jdwp.dll
0x00007fffeef00000 - 0x00007fffeef08000 	C:\SSAFY\Zulu\zulu-8\jre\bin\npt.dll
0x00007fffeb7e0000 - 0x00007fffeb803000 	C:\SSAFY\Zulu\zulu-8\jre\bin\instrument.dll
0x00007fffed380000 - 0x00007fffed396000 	C:\SSAFY\Zulu\zulu-8\jre\bin\zip.dll
0x00007ffff66d0000 - 0x00007ffff6e15000 	C:\windows\System32\SHELL32.dll
0x00007ffff37c0000 - 0x00007ffff3f5b000 	C:\windows\SYSTEM32\windows.storage.dll
0x00007ffff70a0000 - 0x00007ffff73f4000 	C:\windows\System32\combase.dll
0x00007ffff5150000 - 0x00007ffff517e000 	C:\windows\SYSTEM32\Wldp.dll
0x00007ffff7f30000 - 0x00007ffff7fdd000 	C:\windows\System32\SHCORE.dll
0x00007ffff60f0000 - 0x00007ffff6145000 	C:\windows\System32\shlwapi.dll
0x00007ffff5640000 - 0x00007ffff5665000 	C:\windows\SYSTEM32\profapi.dll
0x00007fffecc10000 - 0x00007fffecc19000 	C:\SSAFY\Zulu\zulu-8\jre\bin\dt_socket.dll
0x00007fffdf290000 - 0x00007fffdf2a7000 	C:\windows\system32\napinsp.dll
0x00007fffdf230000 - 0x00007fffdf24b000 	C:\windows\system32\pnrpnsp.dll
0x00007fffdf1e0000 - 0x00007fffdf1f5000 	C:\windows\system32\wshbth.dll
0x00007ffff0f60000 - 0x00007ffff0f7d000 	C:\windows\system32\NLAapi.dll
0x00007ffff4b30000 - 0x00007ffff4b6b000 	C:\windows\SYSTEM32\IPHLPAPI.DLL
0x00007ffff4eb0000 - 0x00007ffff4f1a000 	C:\windows\System32\mswsock.dll
0x00007ffff4b90000 - 0x00007ffff4c5a000 	C:\windows\SYSTEM32\DNSAPI.dll
0x00007ffff6550000 - 0x00007ffff6558000 	C:\windows\System32\NSI.dll
0x00007fffdf140000 - 0x00007fffdf152000 	C:\windows\System32\winrnr.dll
0x00007fffe2800000 - 0x00007fffe2882000 	C:\windows\System32\fwpuclnt.dll
0x00007ffff5a80000 - 0x00007ffff5aa7000 	C:\windows\System32\bcrypt.dll
0x00007fffe1da0000 - 0x00007fffe1daa000 	C:\Windows\System32\rasadhlp.dll

VM Arguments:
jvm_args: -agentlib:jdwp=transport=dt_socket,suspend=y,address=localhost:59726 -javaagent:C:\SSAFY\eclipse\configuration\org.eclipse.osgi\419\0\.cp\lib\javaagent-shaded.jar -Dfile.encoding=UTF-8 
java_command: swea_2112
java_class_path (initial): C:\SSAFY\algorithm\bin;C:\SSAFY\eclipse\configuration\org.eclipse.osgi\419\0\.cp\lib\javaagent-shaded.jar
Launcher Type: SUN_STANDARD

Environment Variables:
PATH=C:\SSAFY\Zulu\zulu-8\jre\bin;C:/SSAFY/Zulu/zulu-8/bin/../jre/bin/server;C:/SSAFY/Zulu/zulu-8/bin/../jre/bin;C:/SSAFY/Zulu/zulu-8/bin/../jre/lib/amd64;C:\windows\system32;C:\windows;C:\windows\System32\Wbem;C:\windows\System32\WindowsPowerShell\v1.0\;C:\windows\System32\OpenSSH\;C:\Program Files\Microsoft SQL Server\130\Tools\Binn\;C:\SSAFY\Bandizip\;C:\SSAFY\Zulu\zulu-8\bin\;C:\SSAFY\Git\cmd;C:\Program Files\MySQL\MySQL Shell 8.0\bin\;C:\Users\SSAFY\AppData\Local\Microsoft\WindowsApps;;C:\SSAFY\Microsoft VS Code\bin;C:\SSAFY\eclipse;
USERNAME=SSAFY
OS=Windows_NT
PROCESSOR_IDENTIFIER=Intel64 Family 6 Model 158 Stepping 10, GenuineIntel



---------------  S Y S T E M  ---------------

OS: Windows 10.0 , 64 bit Build 19041 (10.0.19041.3393)

CPU:total 12 (initial active 12) (6 cores per cpu, 2 threads per core) family 6 model 158 stepping 10, cmov, cx8, fxsr, mmx, sse, sse2, sse3, ssse3, sse4.1, sse4.2, popcnt, avx, avx2, aes, clmul, erms, rtm, 3dnowpref, lzcnt, ht, tsc, tscinvbit, bmi1, bmi2, adx

Memory: 4k page, physical 16709632k(9542144k free), swap 19200000k(6744556k free)

vm_info: OpenJDK 64-Bit Server VM (25.192-b01) for windows-amd64 JRE (1.8.0_192-b01), built on Oct 17 2018 09:53:48 by "tester" with MS VC++ 10.0 (VS2010)

time: Fri Oct 06 09:57:47 2023
timezone: 대한민국 표준시
elapsed time: 467 seconds (0d 0h 7m 47s)

